
> cheezyhub-frontend@1.0.0 dev
> next dev

  Γû▓ Next.js 14.2.35
  - Local:        http://localhost:3000
  - Environments: .env.local

 Γ£ô Starting...
 Γ£ô Ready in 2.8s
 Γùï Compiling / ...
 Γ£ô Compiled / in 633ms (505 modules)
 GET / 307 in 821ms
 Γùï Compiling /customer ...
 Γ£ô Compiled /customer in 1888ms (1531 modules)
 GET /customer 200 in 2487ms
 GET / 307 in 1091ms
 GET /customer 200 in 29ms
 GET / 307 in 33ms
 GET /customer 200 in 24ms
 Γ£ô Compiled /customer/profile in 440ms (1547 modules)
 Γ£ô Compiled /customer/login in 303ms (1561 modules)
 Γ£ô Compiled /kitchen/login in 489ms (1556 modules)
 Γùï Compiling /kitchen ...
 Γ£ô Compiled /kitchen in 537ms (1565 modules)
 GET /kitchen/login 200 in 111ms
 Γ£ô Compiled in 1715ms (1573 modules)
 Γ£ô Compiled in 519ms (1573 modules)
 Γ£ô Compiled in 610ms (1573 modules)
 Γ£ô Compiled in 217ms (756 modules)
 Γ£ô Compiled in 176ms (756 modules)
[?25h
